FirstGame/Library/Bee/Android/Prj/Mono2x/Gradle/launcher/build/intermediates/manifest_merge_blame_file/release/manifest-merger-blame-release-report.txt
1<?xml version="1.0" encoding="utf-8"?>
2<manifest xmlns:android="http://schemas.android.com/apk/res/android"
3    package="com.DefaultCompany.FirstGame"
4    android:installLocation="preferExternal"
5    android:versionCode="1"
6    android:versionName="0.1" >
7
8    <uses-sdk
9        android:minSdkVersion="22"
9-->src\main\AndroidManifest.xml
10        android:targetSdkVersion="34" />
10-->src\main\AndroidManifest.xml
11
12    <supports-screens
12-->src\main\AndroidManifest.xml:4:3-163
13        android:anyDensity="true"
13-->src\main\AndroidManifest.xml:4:135-160
14        android:largeScreens="true"
14-->src\main\AndroidManifest.xml:4:78-105
15        android:normalScreens="true"
15-->src\main\AndroidManifest.xml:4:49-77
16        android:smallScreens="true"
16-->src\main\AndroidManifest.xml:4:21-48
17        android:xlargeScreens="true" />
17-->src\main\AndroidManifest.xml:4:106-134
18
19    <uses-feature android:glEsVersion="0x00030000" />
19-->[:unityLibrary] AndroidManifest.xml:8:5-54
19-->[:unityLibrary] AndroidManifest.xml:8:19-51
20    <uses-feature
20-->[:unityLibrary] AndroidManifest.xml:9:5-11:36
21        android:name="android.hardware.vulkan.version"
21-->[:unityLibrary] AndroidManifest.xml:10:9-55
22        android:required="false" />
22-->[:unityLibrary] AndroidManifest.xml:11:9-33
23    <uses-feature
23-->[:unityLibrary] AndroidManifest.xml:12:5-14:36
24        android:name="android.hardware.sensor.accelerometer"
24-->[:unityLibrary] AndroidManifest.xml:13:9-61
25        android:required="false" />
25-->[:unityLibrary] AndroidManifest.xml:14:9-33
26    <uses-feature
26-->[:unityLibrary] AndroidManifest.xml:15:5-17:36
27        android:name="android.hardware.touchscreen"
27-->[:unityLibrary] AndroidManifest.xml:16:9-52
28        android:required="false" />
28-->[:unityLibrary] AndroidManifest.xml:17:9-33
29    <uses-feature
29-->[:unityLibrary] AndroidManifest.xml:18:5-20:36
30        android:name="android.hardware.touchscreen.multitouch"
30-->[:unityLibrary] AndroidManifest.xml:19:9-63
31        android:required="false" />
31-->[:unityLibrary] AndroidManifest.xml:20:9-33
32    <uses-feature
32-->[:unityLibrary] AndroidManifest.xml:21:5-23:36
33        android:name="android.hardware.touchscreen.multitouch.distinct"
33-->[:unityLibrary] AndroidManifest.xml:22:9-72
34        android:required="false" />
34-->[:unityLibrary] AndroidManifest.xml:23:9-33
35
36    <application
36-->src\main\AndroidManifest.xml:3:3-83
37        android:extractNativeLibs="true"
37-->[:unityLibrary] AndroidManifest.xml:25:18-50
38        android:icon="@mipmap/app_icon"
38-->src\main\AndroidManifest.xml:3:49-80
39        android:label="@string/app_name" >
39-->src\main\AndroidManifest.xml:3:16-48
40        <meta-data
40-->[:unityLibrary] AndroidManifest.xml:26:9-28:33
41            android:name="unity.splash-mode"
41-->[:unityLibrary] AndroidManifest.xml:27:13-45
42            android:value="0" />
42-->[:unityLibrary] AndroidManifest.xml:28:13-30
43        <meta-data
43-->[:unityLibrary] AndroidManifest.xml:29:9-31:36
44            android:name="unity.splash-enable"
44-->[:unityLibrary] AndroidManifest.xml:30:13-47
45            android:value="True" />
45-->[:unityLibrary] AndroidManifest.xml:31:13-33
46        <meta-data
46-->[:unityLibrary] AndroidManifest.xml:32:9-34:36
47            android:name="unity.launch-fullscreen"
47-->[:unityLibrary] AndroidManifest.xml:33:13-51
48            android:value="True" />
48-->[:unityLibrary] AndroidManifest.xml:34:13-33
49        <meta-data
49-->[:unityLibrary] AndroidManifest.xml:35:9-37:36
50            android:name="unity.render-outside-safearea"
50-->[:unityLibrary] AndroidManifest.xml:36:13-57
51            android:value="True" />
51-->[:unityLibrary] AndroidManifest.xml:37:13-33
52        <meta-data
52-->[:unityLibrary] AndroidManifest.xml:38:9-40:50
53            android:name="notch.config"
53-->[:unityLibrary] AndroidManifest.xml:39:13-40
54            android:value="portrait|landscape" />
54-->[:unityLibrary] AndroidManifest.xml:40:13-47
55        <meta-data
55-->[:unityLibrary] AndroidManifest.xml:41:9-43:36
56            android:name="unity.auto-report-fully-drawn"
56-->[:unityLibrary] AndroidManifest.xml:42:13-57
57            android:value="true" />
57-->[:unityLibrary] AndroidManifest.xml:43:13-33
58
59        <activity
59-->[:unityLibrary] AndroidManifest.xml:45:9-66:20
60            android:name="com.unity3d.player.UnityPlayerActivity"
60-->[:unityLibrary] AndroidManifest.xml:46:13-66
61            android:configChanges="mcc|mnc|locale|touchscreen|keyboard|keyboardHidden|navigation|orientation|screenLayout|uiMode|screenSize|smallestScreenSize|fontScale|layoutDirection|density"
61-->[:unityLibrary] AndroidManifest.xml:47:13-194
62            android:exported="true"
62-->[:unityLibrary] AndroidManifest.xml:48:13-36
63            android:hardwareAccelerated="false"
63-->[:unityLibrary] AndroidManifest.xml:49:13-48
64            android:launchMode="singleTask"
64-->[:unityLibrary] AndroidManifest.xml:50:13-44
65            android:resizeableActivity="false"
65-->[:unityLibrary] AndroidManifest.xml:51:13-47
66            android:screenOrientation="fullUser"
66-->[:unityLibrary] AndroidManifest.xml:52:13-49
67            android:theme="@style/UnityThemeSelector" >
67-->[:unityLibrary] AndroidManifest.xml:53:13-54
68            <intent-filter>
68-->[:unityLibrary] AndroidManifest.xml:54:13-58:29
69                <category android:name="android.intent.category.LAUNCHER" />
69-->[:unityLibrary] AndroidManifest.xml:55:17-77
69-->[:unityLibrary] AndroidManifest.xml:55:27-74
70
71                <action android:name="android.intent.action.MAIN" />
71-->[:unityLibrary] AndroidManifest.xml:57:17-69
71-->[:unityLibrary] AndroidManifest.xml:57:25-66
72            </intent-filter>
73
74            <meta-data
74-->[:unityLibrary] AndroidManifest.xml:60:13-62:40
75                android:name="unityplayer.UnityActivity"
75-->[:unityLibrary] AndroidManifest.xml:61:17-57
76                android:value="true" />
76-->[:unityLibrary] AndroidManifest.xml:62:17-37
77            <meta-data
77-->[:unityLibrary] AndroidManifest.xml:63:13-65:40
78                android:name="notch_support"
78-->[:unityLibrary] AndroidManifest.xml:64:17-45
79                android:value="true" />
79-->[:unityLibrary] AndroidManifest.xml:65:17-37
80        </activity>
81    </application>
82
83</manifest>